<?xml version="1.0" encoding="UTF-8"?>
<!-- Generated by org.testng.reporters.JUnitReportReporter -->
<testsuite hostname="GA28" name="POM.E2ECMS.AppTest" tests="1" failures="0" timestamp="25 Mar 2019 13:39:53 GMT" time="0.000" errors="0">
  <testcase name="testApp" time="0.000" classname="POM.E2ECMS.AppTest"/>
</testsuite> <!-- POM.E2ECMS.AppTest -->
