<?xml version="1.0" encoding="UTF-8"?>
<!-- Generated by org.testng.reporters.JUnitReportReporter -->
<testsuite hostname="GA28" name="CMSPack_1.AddDocument" tests="3" failures="0" timestamp="27 Mar 2019 13:14:28 GMT" time="124.177" errors="0">
  <testcase name="AddDocuments" time="52.315" classname="CMSPack_1.AddDocument"/>
  <testcase name="AddDocuments" time="35.380" classname="CMSPack_1.AddDocument"/>
  <testcase name="AddDocuments" time="36.482" classname="CMSPack_1.AddDocument"/>
</testsuite> <!-- CMSPack_1.AddDocument -->
