<?xml version="1.0" encoding="UTF-8"?>
<!-- Generated by org.testng.reporters.JUnitReportReporter -->
<testsuite hostname="GA28" name="CMSPack_1.CMSLogin" tests="1" failures="0" timestamp="27 Mar 2019 13:14:28 GMT" time="15.121" errors="0">
  <testcase name="AALogintoCMS" time="15.121" classname="CMSPack_1.CMSLogin"/>
</testsuite> <!-- CMSPack_1.CMSLogin -->
