<?xml version="1.0" encoding="UTF-8"?>
<!-- Generated by org.testng.reporters.JUnitReportReporter -->
<testsuite skipped="0" hostname="GA28" name="CMSPack_1.DelDocsTC" tests="2" failures="0" timestamp="27 Mar 2019 10:46:52 GMT" time="26.932" errors="0">
  <testcase name="DelallDoc" time="18.988" classname="CMSPack_1.DelDocsTC"/>
  <testcase name="Blogintodelete" time="7.944" classname="CMSPack_1.DelDocsTC"/>
</testsuite> <!-- CMSPack_1.DelDocsTC -->
