<?xml version="1.0" encoding="UTF-8"?>
<!-- Generated by org.testng.reporters.JUnitReportReporter -->
<testsuite skipped="0" hostname="GA28" name="CMSPack_1.CMSLogin" tests="1" failures="0" timestamp="27 Mar 2019 10:46:52 GMT" time="8.327" errors="0">
  <testcase name="AALogintoCMS" time="8.327" classname="CMSPack_1.CMSLogin"/>
</testsuite> <!-- CMSPack_1.CMSLogin -->
